0 info it worked if it ends with ok
1 verbose cli [ 'C:\\Program Files\\nodejs\\node.exe',
1 verbose cli   'C:\\Program Files\\nodejs\\node_modules\\npm\\bin\\npm-cli.js',
1 verbose cli   'run',
1 verbose cli   'start' ]
2 info using npm@3.10.9
3 info using node@v6.9.2
4 verbose run-script [ 'prestart', 'start', 'poststart' ]
5 info lifecycle upstar_music@1.0.0~prestart: upstar_music@1.0.0
6 silly lifecycle upstar_music@1.0.0~prestart: no script for prestart, continuing
7 info lifecycle upstar_music@1.0.0~start: upstar_music@1.0.0
8 verbose lifecycle upstar_music@1.0.0~start: unsafe-perm in lifecycle true
9 verbose lifecycle upstar_music@1.0.0~start: PATH: C:\Program Files\nodejs\node_modules\npm\bin\node-gyp-bin;C:\Users\CHINTAL\MongoDB\Application\UpStarMusic-master\node_modules\.bin;C:\ProgramData\Oracle\Java\javapath;C:\Program Files (x86)\Intel\iCLS Client\;C:\Program Files\Intel\iCLS Client\;C:\WINDOWS\system32;C:\WINDOWS;C:\WINDOWS\System32\Wbem;C:\WINDOWS\System32\WindowsPowerShell\v1.0\;C:\Program Files (x86)\Windows Live\Shared;C:\Program Files\Intel\Intel(R) Management Engine Components\DAL;C:\Program Files (x86)\Intel\Intel(R) Management Engine Components\DAL;C:\Program Files\Intel\Intel(R) Management Engine Components\IPT;C:\Program Files (x86)\Intel\Intel(R) Management Engine Components\IPT;C:\Program Files\Intel\WiFi\bin\;C:\Program Files\Common Files\Intel\WirelessCommon\;C:\Program Files\Java\jdk1.8.0_60\bin;C:\Program Files\Java\jre1.8.0_60\bin;C:\Program Files (x86)\NVIDIA Corporation\PhysX\Common;C:\xampp\php;C:\Program Files (x86)\Skype\Phone;C:\Program Files (x86)\Git\bin;C:\HashiCorp\Vagrant\bin;C:\Program Files (x86)\OpenSSH\bin;C:\Program Files (x86)\Brackets\command;C:\apache-tomcat-9.0.0.M13\bin;C:\Program Files (x86)\Skype\Phone\;C:\Adobe\AEM\author\crx-quickstart\opt\filevault\filevault\vault-cli-3.1.6\bin;C:\Program Files\nodejs\;C:\apache-maven-3.3.9\bin;C:\Program Files\Java\jdk1.8.0_60\bin;C:\Users\CHINTAL\AppData\Roaming\npm
10 verbose lifecycle upstar_music@1.0.0~start: CWD: C:\Users\CHINTAL\MongoDB\Application\UpStarMusic-master
11 silly lifecycle upstar_music@1.0.0~start: Args: [ '/d /s /c', 'electron . & webpack-dev-server' ]
12 silly lifecycle upstar_music@1.0.0~start: Returned: code: 1  signal: null
13 info lifecycle upstar_music@1.0.0~start: Failed to exec start script
14 verbose stack Error: upstar_music@1.0.0 start: `electron . & webpack-dev-server`
14 verbose stack Exit status 1
14 verbose stack     at EventEmitter.<anonymous> (C:\Program Files\nodejs\node_modules\npm\lib\utils\lifecycle.js:255:16)
14 verbose stack     at emitTwo (events.js:106:13)
14 verbose stack     at EventEmitter.emit (events.js:191:7)
14 verbose stack     at ChildProcess.<anonymous> (C:\Program Files\nodejs\node_modules\npm\lib\utils\spawn.js:40:14)
14 verbose stack     at emitTwo (events.js:106:13)
14 verbose stack     at ChildProcess.emit (events.js:191:7)
14 verbose stack     at maybeClose (internal/child_process.js:877:16)
14 verbose stack     at Process.ChildProcess._handle.onexit (internal/child_process.js:226:5)
15 verbose pkgid upstar_music@1.0.0
16 verbose cwd C:\Users\CHINTAL\MongoDB\Application\UpStarMusic-master
17 error Windows_NT 6.3.9600
18 error argv "C:\\Program Files\\nodejs\\node.exe" "C:\\Program Files\\nodejs\\node_modules\\npm\\bin\\npm-cli.js" "run" "start"
19 error node v6.9.2
20 error npm  v3.10.9
21 error code ELIFECYCLE
22 error upstar_music@1.0.0 start: `electron . & webpack-dev-server`
22 error Exit status 1
23 error Failed at the upstar_music@1.0.0 start script 'electron . & webpack-dev-server'.
23 error Make sure you have the latest version of node.js and npm installed.
23 error If you do, this is most likely a problem with the upstar_music package,
23 error not with npm itself.
23 error Tell the author that this fails on your system:
23 error     electron . & webpack-dev-server
23 error You can get information on how to open an issue for this project with:
23 error     npm bugs upstar_music
23 error Or if that isn't available, you can get their info via:
23 error     npm owner ls upstar_music
23 error There is likely additional logging output above.
24 verbose exit [ 1, true ]
